Arguments: 
  C:\Program Files\nodejs\node.exe C:\Users\angel\AppData\Roaming\npm\node_modules\yarn\bin\yarn.js add @pusher/pusher-js

PATH: 
  C:\oraclexe\app\oracle\product\11.2.0\server\bin;C:\Program Files (x86)\Common Files\Oracle\Java\javapath;C:\WINDOWS\system32;C:\WINDOWS;C:\WINDOWS\System32\Wbem;C:\WINDOWS\System32\WindowsPowerShell\v1.0\;C:\WINDOWS\System32\OpenSSH\;C:\Program Files\dotnet\;C:\Program Files\Git\cmd;C:\wamp\bin;C:\wamp\bin\php\php8.1.13;C:\ProgramData\ComposerSetup\bin;C:\Program Files\nodejs\;C:\Users\angel\AppData\Roaming\npm;C:\Users\angel\Desktop\symf projects;C:\Users\angel\AppData\Local\Programs\Python\Python37-32;C:\Users\angel\AppData\Local\Microsoft\WindowsApps;C:\Users\angel\Documents\bin;C:\Users\angel\AppData\Local\Programs\Microsoft VS Code\bin;C:\Program Files (x86)\Nmap;C:\Users\angel\AppData\Roaming\Composer\vendor\bin;C:\Program Files\JetBrains\PhpStorm 2022.3.3\bin

Yarn version: 
  1.22.19

Node version: 
  18.15.0

Platform: 
  win32 x64

Trace: 
  Error: https://registry.yarnpkg.com/@pusher%2fpusher-js: Not found
      at params.callback [as _callback] (C:\Users\angel\AppData\Roaming\npm\node_modules\yarn\lib\cli.js:66145:18)
      at self.callback (C:\Users\angel\AppData\Roaming\npm\node_modules\yarn\lib\cli.js:140890:22)
      at Request.emit (node:events:513:28)
      at Request.<anonymous> (C:\Users\angel\AppData\Roaming\npm\node_modules\yarn\lib\cli.js:141862:10)
      at Request.emit (node:events:513:28)
      at IncomingMessage.<anonymous> (C:\Users\angel\AppData\Roaming\npm\node_modules\yarn\lib\cli.js:141784:12)
      at Object.onceWrapper (node:events:627:28)
      at IncomingMessage.emit (node:events:525:35)
      at endReadableNT (node:internal/streams/readable:1359:12)
      at process.processTicksAndRejections (node:internal/process/task_queues:82:21)

npm manifest: 
  {
    "dependencies": {
      "jquery": "^3.6.4",
      "socket.io": "^4.6.1"
    },
    "name": "pidev",
    "version": "1.0.0",
    "main": "index.js",
    "directories": {
      "test": "tests"
    },
    "scripts": {
      "test": "echo \"Error: no test specified\" && exit 1"
    },
    "author": "",
    "license": "ISC",
    "description": ""
  }

yarn manifest: 
  No manifest

Lockfile: 
  No lockfile
